<?xml version="1.0" encoding="UTF-8"?>
<!-- Generated by org.testng.reporters.JUnitXMLReporter -->
<testsuite ignored="9" hostname="DESKTOP-BTK107U" failures="0" tests="3" name="Test" time="0.125" errors="0" timestamp="2023-10-16T22:59:13 IST">
  <testcase classname="Test.Grouping" name="scenario1" time="0.019"/>
  <testcase classname="Test.Grouping" name="scenario2" time="0.002"/>
  <testcase classname="Test.Grouping" name="scenario3" time="0.004"/>
  <testcase classname="Test.Launch_Browser" name="test1" time="0.0">
    <ignored/>
  </testcase> <!-- test1 -->
  <testcase classname="Test.Launch_Browser" name="test2" time="0.0">
    <ignored/>
  </testcase> <!-- test2 -->
  <testcase classname="Test.Screenshot" name="testcase1" time="0.0">
    <ignored/>
  </testcase> <!-- testcase1 -->
  <testcase classname="Test.Grouping" name="scenario4" time="0.0">
    <ignored/>
  </testcase> <!-- scenario4 -->
  <testcase classname="Test.RightClick" name="rightclickaction" time="0.0">
    <ignored/>
  </testcase> <!-- rightclickaction -->
  <testcase classname="Test.DoubleClick" name="test" time="0.0">
    <ignored/>
  </testcase> <!-- test -->
  <testcase classname="Test.Launch_Browser" name="test5" time="0.0">
    <ignored/>
  </testcase> <!-- test5 -->
  <testcase classname="Test.Launch_Browser" name="test3" time="0.0">
    <ignored/>
  </testcase> <!-- test3 -->
  <testcase classname="Test.Launch_Browser" name="test4" time="0.0">
    <ignored/>
  </testcase> <!-- test4 -->
</testsuite> <!-- Test -->
