<?xml version="1.0" encoding="UTF-8"?>
<testng-results ignored="0" total="1" passed="1" failed="0" skipped="0">
  <reporter-output>
  </reporter-output>
  <suite started-at="2023-11-06T22:41:24 IST" name="Default suite" finished-at="2023-11-06T22:42:09 IST" duration-ms="44865">
    <groups>
    </groups>
    <test started-at="2023-11-06T22:41:24 IST" name="Default test" finished-at="2023-11-06T22:42:09 IST" duration-ms="44865">
      <class name="Payment.Url_class">
        <test-method signature="link()[pri:0, instance:Payment.Url_class@5fe94a96]" started-at="2023-11-06T22:41:24 IST" name="link" finished-at="2023-11-06T22:42:09 IST" duration-ms="44707" status="PASS">
          <reporter-output>
          </reporter-output>
        </test-method> <!-- link -->
      </class> <!-- Payment.Url_class -->
    </test> <!-- Default test -->
  </suite> <!-- Default suite -->
</testng-results>
